[2026-05-26 16:22:37] local.ERROR: View [Welcome to all contributors] not found. {"exception":"[object] (InvalidArgumentException(code: 0): View [Welcome to all contributors] not found. at /home/salvador/Formacion/GitHub/fork-commit-merge/tasks/laravel/easy/greeting-project/vendor/laravel/framework/src/Illuminate/View/FileViewFinder.php:138)
[stacktrace]
#0 /home/salvador/Formacion/GitHub/fork-commit-merge/tasks/laravel/easy/greeting-project/vendor/laravel/framework/src/Illuminate/View/FileViewFinder.php(78): Illuminate\\View\\FileViewFinder->findInPaths('Welcome to all ...', Array)
#1 /home/salvador/Formacion/GitHub/fork-commit-merge/tasks/laravel/easy/greeting-project/vendor/laravel/framework/src/Illuminate/View/Factory.php(150): Illuminate\\View\\FileViewFinder->find('Welcome to all ...')
#2 /home/salvador/Formacion/GitHub/fork-commit-merge/tasks/laravel/easy/greeting-project/vendor/laravel/framework/src/Illuminate/Foundation/helpers.php(1100): Illuminate\\View\\Factory->make('Welcome to all ...', Array, Array)
#3 /home/salvador/Formacion/GitHub/fork-commit-merge/tasks/laravel/easy/greeting-project/routes/web.php(10): view('Welcome to all ...')
#4 /home/salvador/Formacion/GitHub/fork-commit-merge/tasks/laravel/easy/greeting-project/vendor/laravel/framework/src/Illuminate/Routing/CallableDispatcher.php(39): Illuminate\\Routing\\RouteFileRegistrar->{closure}()
#5 /home/salvador/Formacion/GitHub/fork-commit-merge/tasks/laravel/easy/greeting-project/vendor/laravel/framework/src/Illuminate/Routing/Route.php(243): Illuminate\\Routing\\CallableDispatcher->dispatch(Object(Illuminate\\Routing\\Route), Object(Closure))
#6 /home/salvador/Formacion/GitHub/fork-commit-merge/tasks/laravel/easy/greeting-project/vendor/laravel/framework/src/Illuminate/Routing/Route.php(214): Illuminate\\Routing\\Route->runCallable()
#7 /home/salvador/Formacion/GitHub/fork-commit-merge/tasks/laravel/easy/greeting-project/vendor/laravel/framework/src/Illuminate/Routing/Router.php(822): Illuminate\\Routing\\Route->run()
#8 /home/salvador/Formacion/GitHub/fork-commit-merge/tasks/laravel/easy/greeting-project/vendor/laravel/framework/src/Illuminate/Pipeline/Pipeline.php(180): Illuminate\\Routing\\Router->Illuminate\\Routing\\{closure}(Object(Illuminate\\Http\\Request))
#9 /home/salvador/Formacion/GitHub/fork-commit-merge/tasks/laravel/easy/greeting-project/vendor/laravel/framework/src/Illuminate/Routing/Middleware/SubstituteBindings.php(50): Illuminate\\Pipeline\\Pipeline->Illuminate\\Pipeline\\{closure}(Object(Illuminate\\Http\\Request))
#10 /home/salvador/Formacion/GitHub/fork-commit-merge/tasks/laravel/easy/greeting-project/vendor/laravel/framework/src/Illuminate/Pipeline/Pipeline.php(219): Illuminate\\Routing\\Middleware\\SubstituteBindings->handle(Object(Illuminate\\Http\\Request), Object(Closure))
#11 /home/salvador/Formacion/GitHub/fork-commit-merge/tasks/laravel/easy/greeting-project/vendor/laravel/framework/src/Illuminate/Foundation/Http/Middleware/VerifyCsrfToken.php(87): Illuminate\\Pipeline\\Pipeline->Illuminate\\Pipeline\\{closure}(Object(Illuminate\\Http\\Request))
#12 /home/salvador/Formacion/GitHub/fork-commit-merge/tasks/laravel/easy/greeting-project/vendor/laravel/framework/src/Illuminate/Pipeline/Pipeline.php(219): Illuminate\\Foundation\\Http\\Middleware\\VerifyCsrfToken->handle(Object(Illuminate\\Http\\Request), Object(Closure))
#13 /home/salvador/Formacion/GitHub/fork-commit-merge/tasks/laravel/easy/greeting-project/vendor/laravel/framework/src/Illuminate/View/Middleware/ShareErrorsFromSession.php(48): Illuminate\\Pipeline\\Pipeline->Illuminate\\Pipeline\\{closure}(Object(Illuminate\\Http\\Request))
#14 /home/salvador/Formacion/GitHub/fork-commit-merge/tasks/laravel/easy/greeting-project/vendor/laravel/framework/src/Illuminate/Pipeline/Pipeline.php(219): Illuminate\\View\\Middleware\\ShareErrorsFromSession->handle(Object(Illuminate\\Http\\Request), Object(Closure))
#15 /home/salvador/Formacion/GitHub/fork-commit-merge/tasks/laravel/easy/greeting-project/vendor/laravel/framework/src/Illuminate/Session/Middleware/StartSession.php(120): Illuminate\\Pipeline\\Pipeline->Illuminate\\Pipeline\\{closure}(Object(Illuminate\\Http\\Request))
#16 /home/salvador/Formacion/GitHub/fork-commit-merge/tasks/laravel/easy/greeting-project/vendor/laravel/framework/src/Illuminate/Session/Middleware/StartSession.php(63): Illuminate\\Session\\Middleware\\StartSession->handleStatefulRequest(Object(Illuminate\\Http\\Request), Object(Illuminate\\Session\\Store), Object(Closure))
#17 /home/salvador/Formacion/GitHub/fork-commit-merge/tasks/laravel/easy/greeting-project/vendor/laravel/framework/src/Illuminate/Pipeline/Pipeline.php(219): Illuminate\\Session\\Middleware\\StartSession->handle(Object(Illuminate\\Http\\Request), Object(Closure))
#18 /home/salvador/Formacion/GitHub/fork-commit-merge/tasks/laravel/easy/greeting-project/vendor/laravel/framework/src/Illuminate/Cookie/Middleware/AddQueuedCookiesToResponse.php(36): Illuminate\\Pipeline\\Pipeline->Illuminate\\Pipeline\\{closure}(Object(Illuminate\\Http\\Request))
#19 /home/salvador/Formacion/GitHub/fork-commit-merge/tasks/laravel/easy/greeting-project/vendor/laravel/framework/src/Illuminate/Pipeline/Pipeline.php(219): Illuminate\\Cookie\\Middleware\\AddQueuedCookiesToResponse->handle(Object(Illuminate\\Http\\Request), Object(Closure))
#20 /home/salvador/Formacion/GitHub/fork-commit-merge/tasks/laravel/easy/greeting-project/vendor/laravel/framework/src/Illuminate/Cookie/Middleware/EncryptCookies.php(74): Illuminate\\Pipeline\\Pipeline->Illuminate\\Pipeline\\{closure}(Object(Illuminate\\Http\\Request))
#21 /home/salvador/Formacion/GitHub/fork-commit-merge/tasks/laravel/easy/greeting-project/vendor/laravel/framework/src/Illuminate/Pipeline/Pipeline.php(219): Illuminate\\Cookie\\Middleware\\EncryptCookies->handle(Object(Illuminate\\Http\\Request), Object(Closure))
#22 /home/salvador/Formacion/GitHub/fork-commit-merge/tasks/laravel/easy/greeting-project/vendor/laravel/framework/src/Illuminate/Pipeline/Pipeline.php(137): Illuminate\\Pipeline\\Pipeline->Illuminate\\Pipeline\\{closure}(Object(Illuminate\\Http\\Request))
#23 /home/salvador/Formacion/GitHub/fork-commit-merge/tasks/laravel/easy/greeting-project/vendor/laravel/framework/src/Illuminate/Routing/Router.php(821): Illuminate\\Pipeline\\Pipeline->then(Object(Closure))
#24 /home/salvador/Formacion/GitHub/fork-commit-merge/tasks/laravel/easy/greeting-project/vendor/laravel/framework/src/Illuminate/Routing/Router.php(800): Illuminate\\Routing\\Router->runRouteWithinStack(Object(Illuminate\\Routing\\Route), Object(Illuminate\\Http\\Request))
#25 /home/salvador/Formacion/GitHub/fork-commit-merge/tasks/laravel/easy/greeting-project/vendor/laravel/framework/src/Illuminate/Routing/Router.php(764): Illuminate\\Routing\\Router->runRoute(Object(Illuminate\\Http\\Request), Object(Illuminate\\Routing\\Route))
#26 /home/salvador/Formacion/GitHub/fork-commit-merge/tasks/laravel/easy/greeting-project/vendor/laravel/framework/src/Illuminate/Routing/Router.php(753): Illuminate\\Routing\\Router->dispatchToRoute(Object(Illuminate\\Http\\Request))
#27 /home/salvador/Formacion/GitHub/fork-commit-merge/tasks/laravel/easy/greeting-project/vendor/laravel/framework/src/Illuminate/Foundation/Http/Kernel.php(200): Illuminate\\Routing\\Router->dispatch(Object(Illuminate\\Http\\Request))
#28 /home/salvador/Formacion/GitHub/fork-commit-merge/tasks/laravel/easy/greeting-project/vendor/laravel/framework/src/Illuminate/Pipeline/Pipeline.php(180): Illuminate\\Foundation\\Http\\Kernel->Illuminate\\Foundation\\Http\\{closure}(Object(Illuminate\\Http\\Request))
#29 /home/salvador/Formacion/GitHub/fork-commit-merge/tasks/laravel/easy/greeting-project/vendor/laravel/framework/src/Illuminate/Foundation/Http/Middleware/TransformsRequest.php(21): Illuminate\\Pipeline\\Pipeline->Illuminate\\Pipeline\\{closure}(Object(Illuminate\\Http\\Request))
#30 /home/salvador/Formacion/GitHub/fork-commit-merge/tasks/laravel/easy/greeting-project/vendor/laravel/framework/src/Illuminate/Foundation/Http/Middleware/ConvertEmptyStringsToNull.php(31): Illuminate\\Foundation\\Http\\Middleware\\TransformsRequest->handle(Object(Illuminate\\Http\\Request), Object(Closure))
#31 /home/salvador/Formacion/GitHub/fork-commit-merge/tasks/laravel/easy/greeting-project/vendor/laravel/framework/src/Illuminate/Pipeline/Pipeline.php(219): Illuminate\\Foundation\\Http\\Middleware\\ConvertEmptyStringsToNull->handle(Object(Illuminate\\Http\\Request), Object(Closure))
#32 /home/salvador/Formacion/GitHub/fork-commit-merge/tasks/laravel/easy/greeting-project/vendor/laravel/framework/src/Illuminate/Foundation/Http/Middleware/TransformsRequest.php(21): Illuminate\\Pipeline\\Pipeline->Illuminate\\Pipeline\\{closure}(Object(Illuminate\\Http\\Request))
#33 /home/salvador/Formacion/GitHub/fork-commit-merge/tasks/laravel/easy/greeting-project/vendor/laravel/framework/src/Illuminate/Foundation/Http/Middleware/TrimStrings.php(51): Illuminate\\Foundation\\Http\\Middleware\\TransformsRequest->handle(Object(Illuminate\\Http\\Request), Object(Closure))
#34 /home/salvador/Formacion/GitHub/fork-commit-merge/tasks/laravel/easy/greeting-project/vendor/laravel/framework/src/Illuminate/Pipeline/Pipeline.php(219): Illuminate\\Foundation\\Http\\Middleware\\TrimStrings->handle(Object(Illuminate\\Http\\Request), Object(Closure))
#35 /home/salvador/Formacion/GitHub/fork-commit-merge/tasks/laravel/easy/greeting-project/vendor/laravel/framework/src/Illuminate/Http/Middleware/ValidatePostSize.php(27): Illuminate\\Pipeline\\Pipeline->Illuminate\\Pipeline\\{closure}(Object(Illuminate\\Http\\Request))
#36 /home/salvador/Formacion/GitHub/fork-commit-merge/tasks/laravel/easy/greeting-project/vendor/laravel/framework/src/Illuminate/Pipeline/Pipeline.php(219): Illuminate\\Http\\Middleware\\ValidatePostSize->handle(Object(Illuminate\\Http\\Request), Object(Closure))
#37 /home/salvador/Formacion/GitHub/fork-commit-merge/tasks/laravel/easy/greeting-project/vendor/laravel/framework/src/Illuminate/Foundation/Http/Middleware/PreventRequestsDuringMaintenance.php(109): Illuminate\\Pipeline\\Pipeline->Illuminate\\Pipeline\\{closure}(Object(Illuminate\\Http\\Request))
#38 /home/salvador/Formacion/GitHub/fork-commit-merge/tasks/laravel/easy/greeting-project/vendor/laravel/framework/src/Illuminate/Pipeline/Pipeline.php(219): Illuminate\\Foundation\\Http\\Middleware\\PreventRequestsDuringMaintenance->handle(Object(Illuminate\\Http\\Request), Object(Closure))
#39 /home/salvador/Formacion/GitHub/fork-commit-merge/tasks/laravel/easy/greeting-project/vendor/laravel/framework/src/Illuminate/Http/Middleware/HandleCors.php(61): Illuminate\\Pipeline\\Pipeline->Illuminate\\Pipeline\\{closure}(Object(Illuminate\\Http\\Request))
#40 /home/salvador/Formacion/GitHub/fork-commit-merge/tasks/laravel/easy/greeting-project/vendor/laravel/framework/src/Illuminate/Pipeline/Pipeline.php(219): Illuminate\\Http\\Middleware\\HandleCors->handle(Object(Illuminate\\Http\\Request), Object(Closure))
#41 /home/salvador/Formacion/GitHub/fork-commit-merge/tasks/laravel/easy/greeting-project/vendor/laravel/framework/src/Illuminate/Http/Middleware/TrustProxies.php(58): Illuminate\\Pipeline\\Pipeline->Illuminate\\Pipeline\\{closure}(Object(Illuminate\\Http\\Request))
#42 /home/salvador/Formacion/GitHub/fork-commit-merge/tasks/laravel/easy/greeting-project/vendor/laravel/framework/src/Illuminate/Pipeline/Pipeline.php(219): Illuminate\\Http\\Middleware\\TrustProxies->handle(Object(Illuminate\\Http\\Request), Object(Closure))
#43 /home/salvador/Formacion/GitHub/fork-commit-merge/tasks/laravel/easy/greeting-project/vendor/laravel/framework/src/Illuminate/Foundation/Http/Middleware/InvokeDeferredCallbacks.php(22): Illuminate\\Pipeline\\Pipeline->Illuminate\\Pipeline\\{closure}(Object(Illuminate\\Http\\Request))
#44 /home/salvador/Formacion/GitHub/fork-commit-merge/tasks/laravel/easy/greeting-project/vendor/laravel/framework/src/Illuminate/Pipeline/Pipeline.php(219): Illuminate\\Foundation\\Http\\Middleware\\InvokeDeferredCallbacks->handle(Object(Illuminate\\Http\\Request), Object(Closure))
#45 /home/salvador/Formacion/GitHub/fork-commit-merge/tasks/laravel/easy/greeting-project/vendor/laravel/framework/src/Illuminate/Http/Middleware/ValidatePathEncoding.php(26): Illuminate\\Pipeline\\Pipeline->Illuminate\\Pipeline\\{closure}(Object(Illuminate\\Http\\Request))
#46 /home/salvador/Formacion/GitHub/fork-commit-merge/tasks/laravel/easy/greeting-project/vendor/laravel/framework/src/Illuminate/Pipeline/Pipeline.php(219): Illuminate\\Http\\Middleware\\ValidatePathEncoding->handle(Object(Illuminate\\Http\\Request), Object(Closure))
#47 /home/salvador/Formacion/GitHub/fork-commit-merge/tasks/laravel/easy/greeting-project/vendor/laravel/framework/src/Illuminate/Pipeline/Pipeline.php(137): Illuminate\\Pipeline\\Pipeline->Illuminate\\Pipeline\\{closure}(Object(Illuminate\\Http\\Request))
#48 /home/salvador/Formacion/GitHub/fork-commit-merge/tasks/laravel/easy/greeting-project/vendor/laravel/framework/src/Illuminate/Foundation/Http/Kernel.php(175): Illuminate\\Pipeline\\Pipeline->then(Object(Closure))
#49 /home/salvador/Formacion/GitHub/fork-commit-merge/tasks/laravel/easy/greeting-project/vendor/laravel/framework/src/Illuminate/Foundation/Http/Kernel.php(144): Illuminate\\Foundation\\Http\\Kernel->sendRequestThroughRouter(Object(Illuminate\\Http\\Request))
#50 /home/salvador/Formacion/GitHub/fork-commit-merge/tasks/laravel/easy/greeting-project/vendor/laravel/framework/src/Illuminate/Foundation/Application.php(1220): Illuminate\\Foundation\\Http\\Kernel->handle(Object(Illuminate\\Http\\Request))
#51 /home/salvador/Formacion/GitHub/fork-commit-merge/tasks/laravel/easy/greeting-project/public/index.php(20): Illuminate\\Foundation\\Application->handleRequest(Object(Illuminate\\Http\\Request))
#52 /home/salvador/Formacion/GitHub/fork-commit-merge/tasks/laravel/easy/greeting-project/vendor/laravel/framework/src/Illuminate/Foundation/resources/server.php(23): require_once('/home/salvador/...')
#53 {main}
"} 
[2026-05-26 16:30:04] local.ERROR: View [Welcome to all contributors] not found. {"exception":"[object] (InvalidArgumentException(code: 0): View [Welcome to all contributors] not found. at /home/salvador/Formacion/GitHub/fork-commit-merge/tasks/laravel/easy/greeting-project/vendor/laravel/framework/src/Illuminate/View/FileViewFinder.php:138)
[stacktrace]
#0 /home/salvador/Formacion/GitHub/fork-commit-merge/tasks/laravel/easy/greeting-project/vendor/laravel/framework/src/Illuminate/View/FileViewFinder.php(78): Illuminate\\View\\FileViewFinder->findInPaths('Welcome to all ...', Array)
#1 /home/salvador/Formacion/GitHub/fork-commit-merge/tasks/laravel/easy/greeting-project/vendor/laravel/framework/src/Illuminate/View/Factory.php(150): Illuminate\\View\\FileViewFinder->find('Welcome to all ...')
#2 /home/salvador/Formacion/GitHub/fork-commit-merge/tasks/laravel/easy/greeting-project/vendor/laravel/framework/src/Illuminate/Foundation/helpers.php(1100): Illuminate\\View\\Factory->make('Welcome to all ...', Array, Array)
#3 /home/salvador/Formacion/GitHub/fork-commit-merge/tasks/laravel/easy/greeting-project/routes/web.php(10): view('Welcome to all ...')
#4 /home/salvador/Formacion/GitHub/fork-commit-merge/tasks/laravel/easy/greeting-project/vendor/laravel/framework/src/Illuminate/Routing/CallableDispatcher.php(39): Illuminate\\Routing\\RouteFileRegistrar->{closure}()
#5 /home/salvador/Formacion/GitHub/fork-commit-merge/tasks/laravel/easy/greeting-project/vendor/laravel/framework/src/Illuminate/Routing/Route.php(243): Illuminate\\Routing\\CallableDispatcher->dispatch(Object(Illuminate\\Routing\\Route), Object(Closure))
#6 /home/salvador/Formacion/GitHub/fork-commit-merge/tasks/laravel/easy/greeting-project/vendor/laravel/framework/src/Illuminate/Routing/Route.php(214): Illuminate\\Routing\\Route->runCallable()
#7 /home/salvador/Formacion/GitHub/fork-commit-merge/tasks/laravel/easy/greeting-project/vendor/laravel/framework/src/Illuminate/Routing/Router.php(822): Illuminate\\Routing\\Route->run()
#8 /home/salvador/Formacion/GitHub/fork-commit-merge/tasks/laravel/easy/greeting-project/vendor/laravel/framework/src/Illuminate/Pipeline/Pipeline.php(180): Illuminate\\Routing\\Router->Illuminate\\Routing\\{closure}(Object(Illuminate\\Http\\Request))
#9 /home/salvador/Formacion/GitHub/fork-commit-merge/tasks/laravel/easy/greeting-project/vendor/laravel/framework/src/Illuminate/Routing/Middleware/SubstituteBindings.php(50): Illuminate\\Pipeline\\Pipeline->Illuminate\\Pipeline\\{closure}(Object(Illuminate\\Http\\Request))
#10 /home/salvador/Formacion/GitHub/fork-commit-merge/tasks/laravel/easy/greeting-project/vendor/laravel/framework/src/Illuminate/Pipeline/Pipeline.php(219): Illuminate\\Routing\\Middleware\\SubstituteBindings->handle(Object(Illuminate\\Http\\Request), Object(Closure))
#11 /home/salvador/Formacion/GitHub/fork-commit-merge/tasks/laravel/easy/greeting-project/vendor/laravel/framework/src/Illuminate/Foundation/Http/Middleware/VerifyCsrfToken.php(87): Illuminate\\Pipeline\\Pipeline->Illuminate\\Pipeline\\{closure}(Object(Illuminate\\Http\\Request))
#12 /home/salvador/Formacion/GitHub/fork-commit-merge/tasks/laravel/easy/greeting-project/vendor/laravel/framework/src/Illuminate/Pipeline/Pipeline.php(219): Illuminate\\Foundation\\Http\\Middleware\\VerifyCsrfToken->handle(Object(Illuminate\\Http\\Request), Object(Closure))
#13 /home/salvador/Formacion/GitHub/fork-commit-merge/tasks/laravel/easy/greeting-project/vendor/laravel/framework/src/Illuminate/View/Middleware/ShareErrorsFromSession.php(48): Illuminate\\Pipeline\\Pipeline->Illuminate\\Pipeline\\{closure}(Object(Illuminate\\Http\\Request))
#14 /home/salvador/Formacion/GitHub/fork-commit-merge/tasks/laravel/easy/greeting-project/vendor/laravel/framework/src/Illuminate/Pipeline/Pipeline.php(219): Illuminate\\View\\Middleware\\ShareErrorsFromSession->handle(Object(Illuminate\\Http\\Request), Object(Closure))
#15 /home/salvador/Formacion/GitHub/fork-commit-merge/tasks/laravel/easy/greeting-project/vendor/laravel/framework/src/Illuminate/Session/Middleware/StartSession.php(120): Illuminate\\Pipeline\\Pipeline->Illuminate\\Pipeline\\{closure}(Object(Illuminate\\Http\\Request))
#16 /home/salvador/Formacion/GitHub/fork-commit-merge/tasks/laravel/easy/greeting-project/vendor/laravel/framework/src/Illuminate/Session/Middleware/StartSession.php(63): Illuminate\\Session\\Middleware\\StartSession->handleStatefulRequest(Object(Illuminate\\Http\\Request), Object(Illuminate\\Session\\Store), Object(Closure))
#17 /home/salvador/Formacion/GitHub/fork-commit-merge/tasks/laravel/easy/greeting-project/vendor/laravel/framework/src/Illuminate/Pipeline/Pipeline.php(219): Illuminate\\Session\\Middleware\\StartSession->handle(Object(Illuminate\\Http\\Request), Object(Closure))
#18 /home/salvador/Formacion/GitHub/fork-commit-merge/tasks/laravel/easy/greeting-project/vendor/laravel/framework/src/Illuminate/Cookie/Middleware/AddQueuedCookiesToResponse.php(36): Illuminate\\Pipeline\\Pipeline->Illuminate\\Pipeline\\{closure}(Object(Illuminate\\Http\\Request))
#19 /home/salvador/Formacion/GitHub/fork-commit-merge/tasks/laravel/easy/greeting-project/vendor/laravel/framework/src/Illuminate/Pipeline/Pipeline.php(219): Illuminate\\Cookie\\Middleware\\AddQueuedCookiesToResponse->handle(Object(Illuminate\\Http\\Request), Object(Closure))
#20 /home/salvador/Formacion/GitHub/fork-commit-merge/tasks/laravel/easy/greeting-project/vendor/laravel/framework/src/Illuminate/Cookie/Middleware/EncryptCookies.php(74): Illuminate\\Pipeline\\Pipeline->Illuminate\\Pipeline\\{closure}(Object(Illuminate\\Http\\Request))
#21 /home/salvador/Formacion/GitHub/fork-commit-merge/tasks/laravel/easy/greeting-project/vendor/laravel/framework/src/Illuminate/Pipeline/Pipeline.php(219): Illuminate\\Cookie\\Middleware\\EncryptCookies->handle(Object(Illuminate\\Http\\Request), Object(Closure))
#22 /home/salvador/Formacion/GitHub/fork-commit-merge/tasks/laravel/easy/greeting-project/vendor/laravel/framework/src/Illuminate/Pipeline/Pipeline.php(137): Illuminate\\Pipeline\\Pipeline->Illuminate\\Pipeline\\{closure}(Object(Illuminate\\Http\\Request))
#23 /home/salvador/Formacion/GitHub/fork-commit-merge/tasks/laravel/easy/greeting-project/vendor/laravel/framework/src/Illuminate/Routing/Router.php(821): Illuminate\\Pipeline\\Pipeline->then(Object(Closure))
#24 /home/salvador/Formacion/GitHub/fork-commit-merge/tasks/laravel/easy/greeting-project/vendor/laravel/framework/src/Illuminate/Routing/Router.php(800): Illuminate\\Routing\\Router->runRouteWithinStack(Object(Illuminate\\Routing\\Route), Object(Illuminate\\Http\\Request))
#25 /home/salvador/Formacion/GitHub/fork-commit-merge/tasks/laravel/easy/greeting-project/vendor/laravel/framework/src/Illuminate/Routing/Router.php(764): Illuminate\\Routing\\Router->runRoute(Object(Illuminate\\Http\\Request), Object(Illuminate\\Routing\\Route))
#26 /home/salvador/Formacion/GitHub/fork-commit-merge/tasks/laravel/easy/greeting-project/vendor/laravel/framework/src/Illuminate/Routing/Router.php(753): Illuminate\\Routing\\Router->dispatchToRoute(Object(Illuminate\\Http\\Request))
#27 /home/salvador/Formacion/GitHub/fork-commit-merge/tasks/laravel/easy/greeting-project/vendor/laravel/framework/src/Illuminate/Foundation/Http/Kernel.php(200): Illuminate\\Routing\\Router->dispatch(Object(Illuminate\\Http\\Request))
#28 /home/salvador/Formacion/GitHub/fork-commit-merge/tasks/laravel/easy/greeting-project/vendor/laravel/framework/src/Illuminate/Pipeline/Pipeline.php(180): Illuminate\\Foundation\\Http\\Kernel->Illuminate\\Foundation\\Http\\{closure}(Object(Illuminate\\Http\\Request))
#29 /home/salvador/Formacion/GitHub/fork-commit-merge/tasks/laravel/easy/greeting-project/vendor/laravel/framework/src/Illuminate/Foundation/Http/Middleware/TransformsRequest.php(21): Illuminate\\Pipeline\\Pipeline->Illuminate\\Pipeline\\{closure}(Object(Illuminate\\Http\\Request))
#30 /home/salvador/Formacion/GitHub/fork-commit-merge/tasks/laravel/easy/greeting-project/vendor/laravel/framework/src/Illuminate/Foundation/Http/Middleware/ConvertEmptyStringsToNull.php(31): Illuminate\\Foundation\\Http\\Middleware\\TransformsRequest->handle(Object(Illuminate\\Http\\Request), Object(Closure))
#31 /home/salvador/Formacion/GitHub/fork-commit-merge/tasks/laravel/easy/greeting-project/vendor/laravel/framework/src/Illuminate/Pipeline/Pipeline.php(219): Illuminate\\Foundation\\Http\\Middleware\\ConvertEmptyStringsToNull->handle(Object(Illuminate\\Http\\Request), Object(Closure))
#32 /home/salvador/Formacion/GitHub/fork-commit-merge/tasks/laravel/easy/greeting-project/vendor/laravel/framework/src/Illuminate/Foundation/Http/Middleware/TransformsRequest.php(21): Illuminate\\Pipeline\\Pipeline->Illuminate\\Pipeline\\{closure}(Object(Illuminate\\Http\\Request))
#33 /home/salvador/Formacion/GitHub/fork-commit-merge/tasks/laravel/easy/greeting-project/vendor/laravel/framework/src/Illuminate/Foundation/Http/Middleware/TrimStrings.php(51): Illuminate\\Foundation\\Http\\Middleware\\TransformsRequest->handle(Object(Illuminate\\Http\\Request), Object(Closure))
#34 /home/salvador/Formacion/GitHub/fork-commit-merge/tasks/laravel/easy/greeting-project/vendor/laravel/framework/src/Illuminate/Pipeline/Pipeline.php(219): Illuminate\\Foundation\\Http\\Middleware\\TrimStrings->handle(Object(Illuminate\\Http\\Request), Object(Closure))
#35 /home/salvador/Formacion/GitHub/fork-commit-merge/tasks/laravel/easy/greeting-project/vendor/laravel/framework/src/Illuminate/Http/Middleware/ValidatePostSize.php(27): Illuminate\\Pipeline\\Pipeline->Illuminate\\Pipeline\\{closure}(Object(Illuminate\\Http\\Request))
#36 /home/salvador/Formacion/GitHub/fork-commit-merge/tasks/laravel/easy/greeting-project/vendor/laravel/framework/src/Illuminate/Pipeline/Pipeline.php(219): Illuminate\\Http\\Middleware\\ValidatePostSize->handle(Object(Illuminate\\Http\\Request), Object(Closure))
#37 /home/salvador/Formacion/GitHub/fork-commit-merge/tasks/laravel/easy/greeting-project/vendor/laravel/framework/src/Illuminate/Foundation/Http/Middleware/PreventRequestsDuringMaintenance.php(109): Illuminate\\Pipeline\\Pipeline->Illuminate\\Pipeline\\{closure}(Object(Illuminate\\Http\\Request))
#38 /home/salvador/Formacion/GitHub/fork-commit-merge/tasks/laravel/easy/greeting-project/vendor/laravel/framework/src/Illuminate/Pipeline/Pipeline.php(219): Illuminate\\Foundation\\Http\\Middleware\\PreventRequestsDuringMaintenance->handle(Object(Illuminate\\Http\\Request), Object(Closure))
#39 /home/salvador/Formacion/GitHub/fork-commit-merge/tasks/laravel/easy/greeting-project/vendor/laravel/framework/src/Illuminate/Http/Middleware/HandleCors.php(61): Illuminate\\Pipeline\\Pipeline->Illuminate\\Pipeline\\{closure}(Object(Illuminate\\Http\\Request))
#40 /home/salvador/Formacion/GitHub/fork-commit-merge/tasks/laravel/easy/greeting-project/vendor/laravel/framework/src/Illuminate/Pipeline/Pipeline.php(219): Illuminate\\Http\\Middleware\\HandleCors->handle(Object(Illuminate\\Http\\Request), Object(Closure))
#41 /home/salvador/Formacion/GitHub/fork-commit-merge/tasks/laravel/easy/greeting-project/vendor/laravel/framework/src/Illuminate/Http/Middleware/TrustProxies.php(58): Illuminate\\Pipeline\\Pipeline->Illuminate\\Pipeline\\{closure}(Object(Illuminate\\Http\\Request))
#42 /home/salvador/Formacion/GitHub/fork-commit-merge/tasks/laravel/easy/greeting-project/vendor/laravel/framework/src/Illuminate/Pipeline/Pipeline.php(219): Illuminate\\Http\\Middleware\\TrustProxies->handle(Object(Illuminate\\Http\\Request), Object(Closure))
#43 /home/salvador/Formacion/GitHub/fork-commit-merge/tasks/laravel/easy/greeting-project/vendor/laravel/framework/src/Illuminate/Foundation/Http/Middleware/InvokeDeferredCallbacks.php(22): Illuminate\\Pipeline\\Pipeline->Illuminate\\Pipeline\\{closure}(Object(Illuminate\\Http\\Request))
#44 /home/salvador/Formacion/GitHub/fork-commit-merge/tasks/laravel/easy/greeting-project/vendor/laravel/framework/src/Illuminate/Pipeline/Pipeline.php(219): Illuminate\\Foundation\\Http\\Middleware\\InvokeDeferredCallbacks->handle(Object(Illuminate\\Http\\Request), Object(Closure))
#45 /home/salvador/Formacion/GitHub/fork-commit-merge/tasks/laravel/easy/greeting-project/vendor/laravel/framework/src/Illuminate/Http/Middleware/ValidatePathEncoding.php(26): Illuminate\\Pipeline\\Pipeline->Illuminate\\Pipeline\\{closure}(Object(Illuminate\\Http\\Request))
#46 /home/salvador/Formacion/GitHub/fork-commit-merge/tasks/laravel/easy/greeting-project/vendor/laravel/framework/src/Illuminate/Pipeline/Pipeline.php(219): Illuminate\\Http\\Middleware\\ValidatePathEncoding->handle(Object(Illuminate\\Http\\Request), Object(Closure))
#47 /home/salvador/Formacion/GitHub/fork-commit-merge/tasks/laravel/easy/greeting-project/vendor/laravel/framework/src/Illuminate/Pipeline/Pipeline.php(137): Illuminate\\Pipeline\\Pipeline->Illuminate\\Pipeline\\{closure}(Object(Illuminate\\Http\\Request))
#48 /home/salvador/Formacion/GitHub/fork-commit-merge/tasks/laravel/easy/greeting-project/vendor/laravel/framework/src/Illuminate/Foundation/Http/Kernel.php(175): Illuminate\\Pipeline\\Pipeline->then(Object(Closure))
#49 /home/salvador/Formacion/GitHub/fork-commit-merge/tasks/laravel/easy/greeting-project/vendor/laravel/framework/src/Illuminate/Foundation/Http/Kernel.php(144): Illuminate\\Foundation\\Http\\Kernel->sendRequestThroughRouter(Object(Illuminate\\Http\\Request))
#50 /home/salvador/Formacion/GitHub/fork-commit-merge/tasks/laravel/easy/greeting-project/vendor/laravel/framework/src/Illuminate/Foundation/Application.php(1220): Illuminate\\Foundation\\Http\\Kernel->handle(Object(Illuminate\\Http\\Request))
#51 /home/salvador/Formacion/GitHub/fork-commit-merge/tasks/laravel/easy/greeting-project/public/index.php(20): Illuminate\\Foundation\\Application->handleRequest(Object(Illuminate\\Http\\Request))
#52 /home/salvador/Formacion/GitHub/fork-commit-merge/tasks/laravel/easy/greeting-project/vendor/laravel/framework/src/Illuminate/Foundation/resources/server.php(23): require_once('/home/salvador/...')
#53 {main}
"} 
[2026-05-26 16:30:38] local.ERROR: View [Welcome to all contributors] not found. {"exception":"[object] (InvalidArgumentException(code: 0): View [Welcome to all contributors] not found. at /home/salvador/Formacion/GitHub/fork-commit-merge/tasks/laravel/easy/greeting-project/vendor/laravel/framework/src/Illuminate/View/FileViewFinder.php:138)
[stacktrace]
#0 /home/salvador/Formacion/GitHub/fork-commit-merge/tasks/laravel/easy/greeting-project/vendor/laravel/framework/src/Illuminate/View/FileViewFinder.php(78): Illuminate\\View\\FileViewFinder->findInPaths('Welcome to all ...', Array)
#1 /home/salvador/Formacion/GitHub/fork-commit-merge/tasks/laravel/easy/greeting-project/vendor/laravel/framework/src/Illuminate/View/Factory.php(150): Illuminate\\View\\FileViewFinder->find('Welcome to all ...')
#2 /home/salvador/Formacion/GitHub/fork-commit-merge/tasks/laravel/easy/greeting-project/vendor/laravel/framework/src/Illuminate/Foundation/helpers.php(1100): Illuminate\\View\\Factory->make('Welcome to all ...', Array, Array)
#3 /home/salvador/Formacion/GitHub/fork-commit-merge/tasks/laravel/easy/greeting-project/routes/web.php(10): view('Welcome to all ...')
#4 /home/salvador/Formacion/GitHub/fork-commit-merge/tasks/laravel/easy/greeting-project/vendor/laravel/framework/src/Illuminate/Routing/CallableDispatcher.php(39): Illuminate\\Routing\\RouteFileRegistrar->{closure}()
#5 /home/salvador/Formacion/GitHub/fork-commit-merge/tasks/laravel/easy/greeting-project/vendor/laravel/framework/src/Illuminate/Routing/Route.php(243): Illuminate\\Routing\\CallableDispatcher->dispatch(Object(Illuminate\\Routing\\Route), Object(Closure))
#6 /home/salvador/Formacion/GitHub/fork-commit-merge/tasks/laravel/easy/greeting-project/vendor/laravel/framework/src/Illuminate/Routing/Route.php(214): Illuminate\\Routing\\Route->runCallable()
#7 /home/salvador/Formacion/GitHub/fork-commit-merge/tasks/laravel/easy/greeting-project/vendor/laravel/framework/src/Illuminate/Routing/Router.php(822): Illuminate\\Routing\\Route->run()
#8 /home/salvador/Formacion/GitHub/fork-commit-merge/tasks/laravel/easy/greeting-project/vendor/laravel/framework/src/Illuminate/Pipeline/Pipeline.php(180): Illuminate\\Routing\\Router->Illuminate\\Routing\\{closure}(Object(Illuminate\\Http\\Request))
#9 /home/salvador/Formacion/GitHub/fork-commit-merge/tasks/laravel/easy/greeting-project/vendor/laravel/framework/src/Illuminate/Routing/Middleware/SubstituteBindings.php(50): Illuminate\\Pipeline\\Pipeline->Illuminate\\Pipeline\\{closure}(Object(Illuminate\\Http\\Request))
#10 /home/salvador/Formacion/GitHub/fork-commit-merge/tasks/laravel/easy/greeting-project/vendor/laravel/framework/src/Illuminate/Pipeline/Pipeline.php(219): Illuminate\\Routing\\Middleware\\SubstituteBindings->handle(Object(Illuminate\\Http\\Request), Object(Closure))
#11 /home/salvador/Formacion/GitHub/fork-commit-merge/tasks/laravel/easy/greeting-project/vendor/laravel/framework/src/Illuminate/Foundation/Http/Middleware/VerifyCsrfToken.php(87): Illuminate\\Pipeline\\Pipeline->Illuminate\\Pipeline\\{closure}(Object(Illuminate\\Http\\Request))
#12 /home/salvador/Formacion/GitHub/fork-commit-merge/tasks/laravel/easy/greeting-project/vendor/laravel/framework/src/Illuminate/Pipeline/Pipeline.php(219): Illuminate\\Foundation\\Http\\Middleware\\VerifyCsrfToken->handle(Object(Illuminate\\Http\\Request), Object(Closure))
#13 /home/salvador/Formacion/GitHub/fork-commit-merge/tasks/laravel/easy/greeting-project/vendor/laravel/framework/src/Illuminate/View/Middleware/ShareErrorsFromSession.php(48): Illuminate\\Pipeline\\Pipeline->Illuminate\\Pipeline\\{closure}(Object(Illuminate\\Http\\Request))
#14 /home/salvador/Formacion/GitHub/fork-commit-merge/tasks/laravel/easy/greeting-project/vendor/laravel/framework/src/Illuminate/Pipeline/Pipeline.php(219): Illuminate\\View\\Middleware\\ShareErrorsFromSession->handle(Object(Illuminate\\Http\\Request), Object(Closure))
#15 /home/salvador/Formacion/GitHub/fork-commit-merge/tasks/laravel/easy/greeting-project/vendor/laravel/framework/src/Illuminate/Session/Middleware/StartSession.php(120): Illuminate\\Pipeline\\Pipeline->Illuminate\\Pipeline\\{closure}(Object(Illuminate\\Http\\Request))
#16 /home/salvador/Formacion/GitHub/fork-commit-merge/tasks/laravel/easy/greeting-project/vendor/laravel/framework/src/Illuminate/Session/Middleware/StartSession.php(63): Illuminate\\Session\\Middleware\\StartSession->handleStatefulRequest(Object(Illuminate\\Http\\Request), Object(Illuminate\\Session\\Store), Object(Closure))
#17 /home/salvador/Formacion/GitHub/fork-commit-merge/tasks/laravel/easy/greeting-project/vendor/laravel/framework/src/Illuminate/Pipeline/Pipeline.php(219): Illuminate\\Session\\Middleware\\StartSession->handle(Object(Illuminate\\Http\\Request), Object(Closure))
#18 /home/salvador/Formacion/GitHub/fork-commit-merge/tasks/laravel/easy/greeting-project/vendor/laravel/framework/src/Illuminate/Cookie/Middleware/AddQueuedCookiesToResponse.php(36): Illuminate\\Pipeline\\Pipeline->Illuminate\\Pipeline\\{closure}(Object(Illuminate\\Http\\Request))
#19 /home/salvador/Formacion/GitHub/fork-commit-merge/tasks/laravel/easy/greeting-project/vendor/laravel/framework/src/Illuminate/Pipeline/Pipeline.php(219): Illuminate\\Cookie\\Middleware\\AddQueuedCookiesToResponse->handle(Object(Illuminate\\Http\\Request), Object(Closure))
#20 /home/salvador/Formacion/GitHub/fork-commit-merge/tasks/laravel/easy/greeting-project/vendor/laravel/framework/src/Illuminate/Cookie/Middleware/EncryptCookies.php(74): Illuminate\\Pipeline\\Pipeline->Illuminate\\Pipeline\\{closure}(Object(Illuminate\\Http\\Request))
#21 /home/salvador/Formacion/GitHub/fork-commit-merge/tasks/laravel/easy/greeting-project/vendor/laravel/framework/src/Illuminate/Pipeline/Pipeline.php(219): Illuminate\\Cookie\\Middleware\\EncryptCookies->handle(Object(Illuminate\\Http\\Request), Object(Closure))
#22 /home/salvador/Formacion/GitHub/fork-commit-merge/tasks/laravel/easy/greeting-project/vendor/laravel/framework/src/Illuminate/Pipeline/Pipeline.php(137): Illuminate\\Pipeline\\Pipeline->Illuminate\\Pipeline\\{closure}(Object(Illuminate\\Http\\Request))
#23 /home/salvador/Formacion/GitHub/fork-commit-merge/tasks/laravel/easy/greeting-project/vendor/laravel/framework/src/Illuminate/Routing/Router.php(821): Illuminate\\Pipeline\\Pipeline->then(Object(Closure))
#24 /home/salvador/Formacion/GitHub/fork-commit-merge/tasks/laravel/easy/greeting-project/vendor/laravel/framework/src/Illuminate/Routing/Router.php(800): Illuminate\\Routing\\Router->runRouteWithinStack(Object(Illuminate\\Routing\\Route), Object(Illuminate\\Http\\Request))
#25 /home/salvador/Formacion/GitHub/fork-commit-merge/tasks/laravel/easy/greeting-project/vendor/laravel/framework/src/Illuminate/Routing/Router.php(764): Illuminate\\Routing\\Router->runRoute(Object(Illuminate\\Http\\Request), Object(Illuminate\\Routing\\Route))
#26 /home/salvador/Formacion/GitHub/fork-commit-merge/tasks/laravel/easy/greeting-project/vendor/laravel/framework/src/Illuminate/Routing/Router.php(753): Illuminate\\Routing\\Router->dispatchToRoute(Object(Illuminate\\Http\\Request))
#27 /home/salvador/Formacion/GitHub/fork-commit-merge/tasks/laravel/easy/greeting-project/vendor/laravel/framework/src/Illuminate/Foundation/Http/Kernel.php(200): Illuminate\\Routing\\Router->dispatch(Object(Illuminate\\Http\\Request))
#28 /home/salvador/Formacion/GitHub/fork-commit-merge/tasks/laravel/easy/greeting-project/vendor/laravel/framework/src/Illuminate/Pipeline/Pipeline.php(180): Illuminate\\Foundation\\Http\\Kernel->Illuminate\\Foundation\\Http\\{closure}(Object(Illuminate\\Http\\Request))
#29 /home/salvador/Formacion/GitHub/fork-commit-merge/tasks/laravel/easy/greeting-project/vendor/laravel/framework/src/Illuminate/Foundation/Http/Middleware/TransformsRequest.php(21): Illuminate\\Pipeline\\Pipeline->Illuminate\\Pipeline\\{closure}(Object(Illuminate\\Http\\Request))
#30 /home/salvador/Formacion/GitHub/fork-commit-merge/tasks/laravel/easy/greeting-project/vendor/laravel/framework/src/Illuminate/Foundation/Http/Middleware/ConvertEmptyStringsToNull.php(31): Illuminate\\Foundation\\Http\\Middleware\\TransformsRequest->handle(Object(Illuminate\\Http\\Request), Object(Closure))
#31 /home/salvador/Formacion/GitHub/fork-commit-merge/tasks/laravel/easy/greeting-project/vendor/laravel/framework/src/Illuminate/Pipeline/Pipeline.php(219): Illuminate\\Foundation\\Http\\Middleware\\ConvertEmptyStringsToNull->handle(Object(Illuminate\\Http\\Request), Object(Closure))
#32 /home/salvador/Formacion/GitHub/fork-commit-merge/tasks/laravel/easy/greeting-project/vendor/laravel/framework/src/Illuminate/Foundation/Http/Middleware/TransformsRequest.php(21): Illuminate\\Pipeline\\Pipeline->Illuminate\\Pipeline\\{closure}(Object(Illuminate\\Http\\Request))
#33 /home/salvador/Formacion/GitHub/fork-commit-merge/tasks/laravel/easy/greeting-project/vendor/laravel/framework/src/Illuminate/Foundation/Http/Middleware/TrimStrings.php(51): Illuminate\\Foundation\\Http\\Middleware\\TransformsRequest->handle(Object(Illuminate\\Http\\Request), Object(Closure))
#34 /home/salvador/Formacion/GitHub/fork-commit-merge/tasks/laravel/easy/greeting-project/vendor/laravel/framework/src/Illuminate/Pipeline/Pipeline.php(219): Illuminate\\Foundation\\Http\\Middleware\\TrimStrings->handle(Object(Illuminate\\Http\\Request), Object(Closure))
#35 /home/salvador/Formacion/GitHub/fork-commit-merge/tasks/laravel/easy/greeting-project/vendor/laravel/framework/src/Illuminate/Http/Middleware/ValidatePostSize.php(27): Illuminate\\Pipeline\\Pipeline->Illuminate\\Pipeline\\{closure}(Object(Illuminate\\Http\\Request))
#36 /home/salvador/Formacion/GitHub/fork-commit-merge/tasks/laravel/easy/greeting-project/vendor/laravel/framework/src/Illuminate/Pipeline/Pipeline.php(219): Illuminate\\Http\\Middleware\\ValidatePostSize->handle(Object(Illuminate\\Http\\Request), Object(Closure))
#37 /home/salvador/Formacion/GitHub/fork-commit-merge/tasks/laravel/easy/greeting-project/vendor/laravel/framework/src/Illuminate/Foundation/Http/Middleware/PreventRequestsDuringMaintenance.php(109): Illuminate\\Pipeline\\Pipeline->Illuminate\\Pipeline\\{closure}(Object(Illuminate\\Http\\Request))
#38 /home/salvador/Formacion/GitHub/fork-commit-merge/tasks/laravel/easy/greeting-project/vendor/laravel/framework/src/Illuminate/Pipeline/Pipeline.php(219): Illuminate\\Foundation\\Http\\Middleware\\PreventRequestsDuringMaintenance->handle(Object(Illuminate\\Http\\Request), Object(Closure))
#39 /home/salvador/Formacion/GitHub/fork-commit-merge/tasks/laravel/easy/greeting-project/vendor/laravel/framework/src/Illuminate/Http/Middleware/HandleCors.php(61): Illuminate\\Pipeline\\Pipeline->Illuminate\\Pipeline\\{closure}(Object(Illuminate\\Http\\Request))
#40 /home/salvador/Formacion/GitHub/fork-commit-merge/tasks/laravel/easy/greeting-project/vendor/laravel/framework/src/Illuminate/Pipeline/Pipeline.php(219): Illuminate\\Http\\Middleware\\HandleCors->handle(Object(Illuminate\\Http\\Request), Object(Closure))
#41 /home/salvador/Formacion/GitHub/fork-commit-merge/tasks/laravel/easy/greeting-project/vendor/laravel/framework/src/Illuminate/Http/Middleware/TrustProxies.php(58): Illuminate\\Pipeline\\Pipeline->Illuminate\\Pipeline\\{closure}(Object(Illuminate\\Http\\Request))
#42 /home/salvador/Formacion/GitHub/fork-commit-merge/tasks/laravel/easy/greeting-project/vendor/laravel/framework/src/Illuminate/Pipeline/Pipeline.php(219): Illuminate\\Http\\Middleware\\TrustProxies->handle(Object(Illuminate\\Http\\Request), Object(Closure))
#43 /home/salvador/Formacion/GitHub/fork-commit-merge/tasks/laravel/easy/greeting-project/vendor/laravel/framework/src/Illuminate/Foundation/Http/Middleware/InvokeDeferredCallbacks.php(22): Illuminate\\Pipeline\\Pipeline->Illuminate\\Pipeline\\{closure}(Object(Illuminate\\Http\\Request))
#44 /home/salvador/Formacion/GitHub/fork-commit-merge/tasks/laravel/easy/greeting-project/vendor/laravel/framework/src/Illuminate/Pipeline/Pipeline.php(219): Illuminate\\Foundation\\Http\\Middleware\\InvokeDeferredCallbacks->handle(Object(Illuminate\\Http\\Request), Object(Closure))
#45 /home/salvador/Formacion/GitHub/fork-commit-merge/tasks/laravel/easy/greeting-project/vendor/laravel/framework/src/Illuminate/Http/Middleware/ValidatePathEncoding.php(26): Illuminate\\Pipeline\\Pipeline->Illuminate\\Pipeline\\{closure}(Object(Illuminate\\Http\\Request))
#46 /home/salvador/Formacion/GitHub/fork-commit-merge/tasks/laravel/easy/greeting-project/vendor/laravel/framework/src/Illuminate/Pipeline/Pipeline.php(219): Illuminate\\Http\\Middleware\\ValidatePathEncoding->handle(Object(Illuminate\\Http\\Request), Object(Closure))
#47 /home/salvador/Formacion/GitHub/fork-commit-merge/tasks/laravel/easy/greeting-project/vendor/laravel/framework/src/Illuminate/Pipeline/Pipeline.php(137): Illuminate\\Pipeline\\Pipeline->Illuminate\\Pipeline\\{closure}(Object(Illuminate\\Http\\Request))
#48 /home/salvador/Formacion/GitHub/fork-commit-merge/tasks/laravel/easy/greeting-project/vendor/laravel/framework/src/Illuminate/Foundation/Http/Kernel.php(175): Illuminate\\Pipeline\\Pipeline->then(Object(Closure))
#49 /home/salvador/Formacion/GitHub/fork-commit-merge/tasks/laravel/easy/greeting-project/vendor/laravel/framework/src/Illuminate/Foundation/Http/Kernel.php(144): Illuminate\\Foundation\\Http\\Kernel->sendRequestThroughRouter(Object(Illuminate\\Http\\Request))
#50 /home/salvador/Formacion/GitHub/fork-commit-merge/tasks/laravel/easy/greeting-project/vendor/laravel/framework/src/Illuminate/Foundation/Application.php(1220): Illuminate\\Foundation\\Http\\Kernel->handle(Object(Illuminate\\Http\\Request))
#51 /home/salvador/Formacion/GitHub/fork-commit-merge/tasks/laravel/easy/greeting-project/public/index.php(20): Illuminate\\Foundation\\Application->handleRequest(Object(Illuminate\\Http\\Request))
#52 /home/salvador/Formacion/GitHub/fork-commit-merge/tasks/laravel/easy/greeting-project/vendor/laravel/framework/src/Illuminate/Foundation/resources/server.php(23): require_once('/home/salvador/...')
#53 {main}
"} 
